[2021-03-28T14:45:12.339] [ERROR] error - /public/list?catalog=&isTop=1&page=0&limit=20&sort=created&tag=&status= GET 404
    InternalServerError: 发出的请求针对的是不存在的记录，服务器没有进行操作。
    at Object.throw (/Users/wushaoxia/moocweb/api/node_modules/koa/lib/context.js:97:11)
    at _default (/Users/wushaoxia/moocweb/api/src/common/ErrorHandle.js:31:7)
    at cors (/Users/wushaoxia/moocweb/api/node_modules/@koa/cors/index.js:98:16)
    at serve (/Users/wushaoxia/moocweb/api/node_modules/koa-static/index.js:53:9)
    
[2021-03-28T14:45:12.344] [ERROR] error - /public/list?catalog=&isTop=0&page=0&limit=20&sort=created&tag=&status= GET 404
    InternalServerError: 发出的请求针对的是不存在的记录，服务器没有进行操作。
    at Object.throw (/Users/wushaoxia/moocweb/api/node_modules/koa/lib/context.js:97:11)
    at _default (/Users/wushaoxia/moocweb/api/src/common/ErrorHandle.js:31:7)
    at cors (/Users/wushaoxia/moocweb/api/node_modules/@koa/cors/index.js:98:16)
    at serve (/Users/wushaoxia/moocweb/api/node_modules/koa-static/index.js:53:9)
    
[2021-03-28T14:45:12.345] [ERROR] error - /public/tips GET 404
    InternalServerError: 发出的请求针对的是不存在的记录，服务器没有进行操作。
    at Object.throw (/Users/wushaoxia/moocweb/api/node_modules/koa/lib/context.js:97:11)
    at _default (/Users/wushaoxia/moocweb/api/src/common/ErrorHandle.js:31:7)
    at cors (/Users/wushaoxia/moocweb/api/node_modules/@koa/cors/index.js:98:16)
    at serve (/Users/wushaoxia/moocweb/api/node_modules/koa-static/index.js:53:9)
    
[2021-03-28T14:45:12.345] [ERROR] error - /public/hotSignRecord?page=0&limit=20&index=0 GET 404
    InternalServerError: 发出的请求针对的是不存在的记录，服务器没有进行操作。
    at Object.throw (/Users/wushaoxia/moocweb/api/node_modules/koa/lib/context.js:97:11)
    at _default (/Users/wushaoxia/moocweb/api/src/common/ErrorHandle.js:31:7)
    at cors (/Users/wushaoxia/moocweb/api/node_modules/@koa/cors/index.js:98:16)
    at serve (/Users/wushaoxia/moocweb/api/node_modules/koa-static/index.js:53:9)
    
[2021-03-28T14:45:12.347] [ERROR] error - /public/topWeek GET 404
    InternalServerError: 发出的请求针对的是不存在的记录，服务器没有进行操作。
    at Object.throw (/Users/wushaoxia/moocweb/api/node_modules/koa/lib/context.js:97:11)
    at _default (/Users/wushaoxia/moocweb/api/src/common/ErrorHandle.js:31:7)
    at cors (/Users/wushaoxia/moocweb/api/node_modules/@koa/cors/index.js:98:16)
    at serve (/Users/wushaoxia/moocweb/api/node_modules/koa-static/index.js:53:9)
    
[2021-03-28T14:45:12.347] [ERROR] error - /public/links GET 404
    InternalServerError: 发出的请求针对的是不存在的记录，服务器没有进行操作。
    at Object.throw (/Users/wushaoxia/moocweb/api/node_modules/koa/lib/context.js:97:11)
    at _default (/Users/wushaoxia/moocweb/api/src/common/ErrorHandle.js:31:7)
    at cors (/Users/wushaoxia/moocweb/api/node_modules/@koa/cors/index.js:98:16)
    at serve (/Users/wushaoxia/moocweb/api/node_modules/koa-static/index.js:53:9)
    
[2021-03-28T14:45:22.094] [ERROR] error - /public/list?catalog=ask&isTop=0&page=0&limit=20&sort=created&tag=&status= GET 404
    InternalServerError: 发出的请求针对的是不存在的记录，服务器没有进行操作。
    at Object.throw (/Users/wushaoxia/moocweb/api/node_modules/koa/lib/context.js:97:11)
    at _default (/Users/wushaoxia/moocweb/api/src/common/ErrorHandle.js:31:7)
    at cors (/Users/wushaoxia/moocweb/api/node_modules/@koa/cors/index.js:98:16)
    at serve (/Users/wushaoxia/moocweb/api/node_modules/koa-static/index.js:53:9)
    
[2021-03-28T14:45:22.095] [ERROR] error - /public/topWeek GET 404
    InternalServerError: 发出的请求针对的是不存在的记录，服务器没有进行操作。
    at Object.throw (/Users/wushaoxia/moocweb/api/node_modules/koa/lib/context.js:97:11)
    at _default (/Users/wushaoxia/moocweb/api/src/common/ErrorHandle.js:31:7)
    at cors (/Users/wushaoxia/moocweb/api/node_modules/@koa/cors/index.js:98:16)
    at serve (/Users/wushaoxia/moocweb/api/node_modules/koa-static/index.js:53:9)
    
[2021-03-28T14:45:22.096] [ERROR] error - /public/links GET 404
    InternalServerError: 发出的请求针对的是不存在的记录，服务器没有进行操作。
    at Object.throw (/Users/wushaoxia/moocweb/api/node_modules/koa/lib/context.js:97:11)
    at _default (/Users/wushaoxia/moocweb/api/src/common/ErrorHandle.js:31:7)
    at cors (/Users/wushaoxia/moocweb/api/node_modules/@koa/cors/index.js:98:16)
    at serve (/Users/wushaoxia/moocweb/api/node_modules/koa-static/index.js:53:9)
    
[2021-03-28T14:45:24.965] [ERROR] error - /public/list?catalog=&isTop=1&page=0&limit=20&sort=created&tag=&status= GET 404
    InternalServerError: 发出的请求针对的是不存在的记录，服务器没有进行操作。
    at Object.throw (/Users/wushaoxia/moocweb/api/node_modules/koa/lib/context.js:97:11)
    at _default (/Users/wushaoxia/moocweb/api/src/common/ErrorHandle.js:31:7)
    at cors (/Users/wushaoxia/moocweb/api/node_modules/@koa/cors/index.js:98:16)
    at serve (/Users/wushaoxia/moocweb/api/node_modules/koa-static/index.js:53:9)
    
[2021-03-28T14:45:24.966] [ERROR] error - /public/list?catalog=&isTop=0&page=0&limit=20&sort=created&tag=&status= GET 404
    InternalServerError: 发出的请求针对的是不存在的记录，服务器没有进行操作。
    at Object.throw (/Users/wushaoxia/moocweb/api/node_modules/koa/lib/context.js:97:11)
    at _default (/Users/wushaoxia/moocweb/api/src/common/ErrorHandle.js:31:7)
    at cors (/Users/wushaoxia/moocweb/api/node_modules/@koa/cors/index.js:98:16)
    at serve (/Users/wushaoxia/moocweb/api/node_modules/koa-static/index.js:53:9)
    
[2021-03-28T14:45:24.967] [ERROR] error - /public/tips GET 404
    InternalServerError: 发出的请求针对的是不存在的记录，服务器没有进行操作。
    at Object.throw (/Users/wushaoxia/moocweb/api/node_modules/koa/lib/context.js:97:11)
    at _default (/Users/wushaoxia/moocweb/api/src/common/ErrorHandle.js:31:7)
    at cors (/Users/wushaoxia/moocweb/api/node_modules/@koa/cors/index.js:98:16)
    at serve (/Users/wushaoxia/moocweb/api/node_modules/koa-static/index.js:53:9)
    
[2021-03-28T14:45:24.972] [ERROR] error - /public/hotSignRecord?page=0&limit=20&index=0 GET 404
    InternalServerError: 发出的请求针对的是不存在的记录，服务器没有进行操作。
    at Object.throw (/Users/wushaoxia/moocweb/api/node_modules/koa/lib/context.js:97:11)
    at _default (/Users/wushaoxia/moocweb/api/src/common/ErrorHandle.js:31:7)
    at cors (/Users/wushaoxia/moocweb/api/node_modules/@koa/cors/index.js:98:16)
    at serve (/Users/wushaoxia/moocweb/api/node_modules/koa-static/index.js:53:9)
    
[2021-03-28T14:45:24.974] [ERROR] error - /public/topWeek GET 404
    InternalServerError: 发出的请求针对的是不存在的记录，服务器没有进行操作。
    at Object.throw (/Users/wushaoxia/moocweb/api/node_modules/koa/lib/context.js:97:11)
    at _default (/Users/wushaoxia/moocweb/api/src/common/ErrorHandle.js:31:7)
    at cors (/Users/wushaoxia/moocweb/api/node_modules/@koa/cors/index.js:98:16)
    at serve (/Users/wushaoxia/moocweb/api/node_modules/koa-static/index.js:53:9)
    
[2021-03-28T14:45:24.975] [ERROR] error - /public/links GET 404
    InternalServerError: 发出的请求针对的是不存在的记录，服务器没有进行操作。
    at Object.throw (/Users/wushaoxia/moocweb/api/node_modules/koa/lib/context.js:97:11)
    at _default (/Users/wushaoxia/moocweb/api/src/common/ErrorHandle.js:31:7)
    at cors (/Users/wushaoxia/moocweb/api/node_modules/@koa/cors/index.js:98:16)
    at serve (/Users/wushaoxia/moocweb/api/node_modules/koa-static/index.js:53:9)
    
[2021-03-28T14:45:27.505] [ERROR] error - /public/list?catalog=&isTop=0&page=0&limit=20&sort=created&tag=&status= GET 404
    InternalServerError: 发出的请求针对的是不存在的记录，服务器没有进行操作。
    at Object.throw (/Users/wushaoxia/moocweb/api/node_modules/koa/lib/context.js:97:11)
    at _default (/Users/wushaoxia/moocweb/api/src/common/ErrorHandle.js:31:7)
    at cors (/Users/wushaoxia/moocweb/api/node_modules/@koa/cors/index.js:98:16)
    at serve (/Users/wushaoxia/moocweb/api/node_modules/koa-static/index.js:53:9)
    
[2021-03-28T14:45:36.615] [ERROR] error - /public/hotSignRecord?page=0&limit=20&index=2 GET 404
    InternalServerError: 发出的请求针对的是不存在的记录，服务器没有进行操作。
    at Object.throw (/Users/wushaoxia/moocweb/api/node_modules/koa/lib/context.js:97:11)
    at _default (/Users/wushaoxia/moocweb/api/src/common/ErrorHandle.js:31:7)
    at cors (/Users/wushaoxia/moocweb/api/node_modules/@koa/cors/index.js:98:16)
    at serve (/Users/wushaoxia/moocweb/api/node_modules/koa-static/index.js:53:9)
    
[2021-03-28T14:45:37.399] [ERROR] error - /public/hotSignRecord?page=0&limit=20&index=1 GET 404
    InternalServerError: 发出的请求针对的是不存在的记录，服务器没有进行操作。
    at Object.throw (/Users/wushaoxia/moocweb/api/node_modules/koa/lib/context.js:97:11)
    at _default (/Users/wushaoxia/moocweb/api/src/common/ErrorHandle.js:31:7)
    at cors (/Users/wushaoxia/moocweb/api/node_modules/@koa/cors/index.js:98:16)
    at serve (/Users/wushaoxia/moocweb/api/node_modules/koa-static/index.js:53:9)
    
[2021-03-28T14:46:27.274] [ERROR] error - /public/list?catalog=&isTop=0&page=0&limit=20&sort=created&tag=&status=0 GET 404
    InternalServerError: 发出的请求针对的是不存在的记录，服务器没有进行操作。
    at Object.throw (/Users/wushaoxia/moocweb/api/node_modules/koa/lib/context.js:97:11)
    at _default (/Users/wushaoxia/moocweb/api/src/common/ErrorHandle.js:31:7)
    at cors (/Users/wushaoxia/moocweb/api/node_modules/@koa/cors/index.js:98:16)
    at serve (/Users/wushaoxia/moocweb/api/node_modules/koa-static/index.js:53:9)
    
[2021-03-28T14:46:32.360] [ERROR] error - /public/list?catalog=share&isTop=0&page=0&limit=20&sort=created&tag=&status= GET 404
    InternalServerError: 发出的请求针对的是不存在的记录，服务器没有进行操作。
    at Object.throw (/Users/wushaoxia/moocweb/api/node_modules/koa/lib/context.js:97:11)
    at _default (/Users/wushaoxia/moocweb/api/src/common/ErrorHandle.js:31:7)
    at cors (/Users/wushaoxia/moocweb/api/node_modules/@koa/cors/index.js:98:16)
    at serve (/Users/wushaoxia/moocweb/api/node_modules/koa-static/index.js:53:9)
    
[2021-03-28T14:46:32.363] [ERROR] error - /public/topWeek GET 404
    InternalServerError: 发出的请求针对的是不存在的记录，服务器没有进行操作。
    at Object.throw (/Users/wushaoxia/moocweb/api/node_modules/koa/lib/context.js:97:11)
    at _default (/Users/wushaoxia/moocweb/api/src/common/ErrorHandle.js:31:7)
    at cors (/Users/wushaoxia/moocweb/api/node_modules/@koa/cors/index.js:98:16)
    at serve (/Users/wushaoxia/moocweb/api/node_modules/koa-static/index.js:53:9)
    
[2021-03-28T14:46:32.363] [ERROR] error - /public/links GET 404
    InternalServerError: 发出的请求针对的是不存在的记录，服务器没有进行操作。
    at Object.throw (/Users/wushaoxia/moocweb/api/node_modules/koa/lib/context.js:97:11)
    at _default (/Users/wushaoxia/moocweb/api/src/common/ErrorHandle.js:31:7)
    at cors (/Users/wushaoxia/moocweb/api/node_modules/@koa/cors/index.js:98:16)
    at serve (/Users/wushaoxia/moocweb/api/node_modules/koa-static/index.js:53:9)
    
[2021-03-28T14:46:36.098] [ERROR] error - /public/list?catalog=discuss&isTop=0&page=0&limit=20&sort=created&tag=&status= GET 404
    InternalServerError: 发出的请求针对的是不存在的记录，服务器没有进行操作。
    at Object.throw (/Users/wushaoxia/moocweb/api/node_modules/koa/lib/context.js:97:11)
    at _default (/Users/wushaoxia/moocweb/api/src/common/ErrorHandle.js:31:7)
    at cors (/Users/wushaoxia/moocweb/api/node_modules/@koa/cors/index.js:98:16)
    at serve (/Users/wushaoxia/moocweb/api/node_modules/koa-static/index.js:53:9)
    
[2021-03-28T14:46:40.151] [ERROR] error - /public/list?catalog=advise&isTop=0&page=0&limit=20&sort=created&tag=&status= GET 404
    InternalServerError: 发出的请求针对的是不存在的记录，服务器没有进行操作。
    at Object.throw (/Users/wushaoxia/moocweb/api/node_modules/koa/lib/context.js:97:11)
    at _default (/Users/wushaoxia/moocweb/api/src/common/ErrorHandle.js:31:7)
    at cors (/Users/wushaoxia/moocweb/api/node_modules/@koa/cors/index.js:98:16)
    at serve (/Users/wushaoxia/moocweb/api/node_modules/koa-static/index.js:53:9)
    
[2021-03-28T14:47:12.774] [ERROR] error - /public/list?catalog=&isTop=1&page=0&limit=20&sort=created&tag=&status= GET 404
    InternalServerError: 发出的请求针对的是不存在的记录，服务器没有进行操作。
    at Object.throw (/Users/wushaoxia/moocweb/api/node_modules/koa/lib/context.js:97:11)
    at _default (/Users/wushaoxia/moocweb/api/src/common/ErrorHandle.js:31:7)
    at cors (/Users/wushaoxia/moocweb/api/node_modules/@koa/cors/index.js:98:16)
    at serve (/Users/wushaoxia/moocweb/api/node_modules/koa-static/index.js:53:9)
    
[2021-03-28T14:47:12.776] [ERROR] error - /public/list?catalog=&isTop=0&page=0&limit=20&sort=created&tag=&status= GET 404
    InternalServerError: 发出的请求针对的是不存在的记录，服务器没有进行操作。
    at Object.throw (/Users/wushaoxia/moocweb/api/node_modules/koa/lib/context.js:97:11)
    at _default (/Users/wushaoxia/moocweb/api/src/common/ErrorHandle.js:31:7)
    at cors (/Users/wushaoxia/moocweb/api/node_modules/@koa/cors/index.js:98:16)
    at serve (/Users/wushaoxia/moocweb/api/node_modules/koa-static/index.js:53:9)
    
[2021-03-28T14:47:12.779] [ERROR] error - /public/hotSignRecord?page=0&limit=20&index=0 GET 404
    InternalServerError: 发出的请求针对的是不存在的记录，服务器没有进行操作。
    at Object.throw (/Users/wushaoxia/moocweb/api/node_modules/koa/lib/context.js:97:11)
    at _default (/Users/wushaoxia/moocweb/api/src/common/ErrorHandle.js:31:7)
    at cors (/Users/wushaoxia/moocweb/api/node_modules/@koa/cors/index.js:98:16)
    at serve (/Users/wushaoxia/moocweb/api/node_modules/koa-static/index.js:53:9)
    
[2021-03-28T14:47:12.780] [ERROR] error - /public/tips GET 404
    InternalServerError: 发出的请求针对的是不存在的记录，服务器没有进行操作。
    at Object.throw (/Users/wushaoxia/moocweb/api/node_modules/koa/lib/context.js:97:11)
    at _default (/Users/wushaoxia/moocweb/api/src/common/ErrorHandle.js:31:7)
    at cors (/Users/wushaoxia/moocweb/api/node_modules/@koa/cors/index.js:98:16)
    at serve (/Users/wushaoxia/moocweb/api/node_modules/koa-static/index.js:53:9)
    
[2021-03-28T14:47:12.781] [ERROR] error - /public/topWeek GET 404
    InternalServerError: 发出的请求针对的是不存在的记录，服务器没有进行操作。
    at Object.throw (/Users/wushaoxia/moocweb/api/node_modules/koa/lib/context.js:97:11)
    at _default (/Users/wushaoxia/moocweb/api/src/common/ErrorHandle.js:31:7)
    at cors (/Users/wushaoxia/moocweb/api/node_modules/@koa/cors/index.js:98:16)
    at serve (/Users/wushaoxia/moocweb/api/node_modules/koa-static/index.js:53:9)
    
[2021-03-28T14:47:12.782] [ERROR] error - /public/links GET 404
    InternalServerError: 发出的请求针对的是不存在的记录，服务器没有进行操作。
    at Object.throw (/Users/wushaoxia/moocweb/api/node_modules/koa/lib/context.js:97:11)
    at _default (/Users/wushaoxia/moocweb/api/src/common/ErrorHandle.js:31:7)
    at cors (/Users/wushaoxia/moocweb/api/node_modules/@koa/cors/index.js:98:16)
    at serve (/Users/wushaoxia/moocweb/api/node_modules/koa-static/index.js:53:9)
    
[2021-03-28T14:47:17.342] [ERROR] error - /public/list?catalog=&isTop=1&page=0&limit=20&sort=created&tag=&status= GET 404
    InternalServerError: 发出的请求针对的是不存在的记录，服务器没有进行操作。
    at Object.throw (/Users/wushaoxia/moocweb/api/node_modules/koa/lib/context.js:97:11)
    at _default (/Users/wushaoxia/moocweb/api/src/common/ErrorHandle.js:31:7)
    at cors (/Users/wushaoxia/moocweb/api/node_modules/@koa/cors/index.js:98:16)
    at serve (/Users/wushaoxia/moocweb/api/node_modules/koa-static/index.js:53:9)
    
[2021-03-28T14:47:17.344] [ERROR] error - /public/list?catalog=&isTop=0&page=0&limit=20&sort=created&tag=&status= GET 404
    InternalServerError: 发出的请求针对的是不存在的记录，服务器没有进行操作。
    at Object.throw (/Users/wushaoxia/moocweb/api/node_modules/koa/lib/context.js:97:11)
    at _default (/Users/wushaoxia/moocweb/api/src/common/ErrorHandle.js:31:7)
    at cors (/Users/wushaoxia/moocweb/api/node_modules/@koa/cors/index.js:98:16)
    at serve (/Users/wushaoxia/moocweb/api/node_modules/koa-static/index.js:53:9)
    
[2021-03-28T14:47:17.344] [ERROR] error - /public/tips GET 404
    InternalServerError: 发出的请求针对的是不存在的记录，服务器没有进行操作。
    at Object.throw (/Users/wushaoxia/moocweb/api/node_modules/koa/lib/context.js:97:11)
    at _default (/Users/wushaoxia/moocweb/api/src/common/ErrorHandle.js:31:7)
    at cors (/Users/wushaoxia/moocweb/api/node_modules/@koa/cors/index.js:98:16)
    at serve (/Users/wushaoxia/moocweb/api/node_modules/koa-static/index.js:53:9)
    
[2021-03-28T14:47:17.347] [ERROR] error - /public/hotSignRecord?page=0&limit=20&index=0 GET 404
    InternalServerError: 发出的请求针对的是不存在的记录，服务器没有进行操作。
    at Object.throw (/Users/wushaoxia/moocweb/api/node_modules/koa/lib/context.js:97:11)
    at _default (/Users/wushaoxia/moocweb/api/src/common/ErrorHandle.js:31:7)
    at cors (/Users/wushaoxia/moocweb/api/node_modules/@koa/cors/index.js:98:16)
    at serve (/Users/wushaoxia/moocweb/api/node_modules/koa-static/index.js:53:9)
    
[2021-03-28T14:47:17.349] [ERROR] error - /public/topWeek GET 404
    InternalServerError: 发出的请求针对的是不存在的记录，服务器没有进行操作。
    at Object.throw (/Users/wushaoxia/moocweb/api/node_modules/koa/lib/context.js:97:11)
    at _default (/Users/wushaoxia/moocweb/api/src/common/ErrorHandle.js:31:7)
    at cors (/Users/wushaoxia/moocweb/api/node_modules/@koa/cors/index.js:98:16)
    at serve (/Users/wushaoxia/moocweb/api/node_modules/koa-static/index.js:53:9)
    
[2021-03-28T14:47:17.350] [ERROR] error - /public/links GET 404
    InternalServerError: 发出的请求针对的是不存在的记录，服务器没有进行操作。
    at Object.throw (/Users/wushaoxia/moocweb/api/node_modules/koa/lib/context.js:97:11)
    at _default (/Users/wushaoxia/moocweb/api/src/common/ErrorHandle.js:31:7)
    at cors (/Users/wushaoxia/moocweb/api/node_modules/@koa/cors/index.js:98:16)
    at serve (/Users/wushaoxia/moocweb/api/node_modules/koa-static/index.js:53:9)
    
[2021-03-28T14:47:27.111] [ERROR] error - /public/list?catalog=&isTop=1&page=0&limit=20&sort=created&tag=&status= GET 404
    InternalServerError: 发出的请求针对的是不存在的记录，服务器没有进行操作。
    at Object.throw (/Users/wushaoxia/moocweb/api/node_modules/koa/lib/context.js:97:11)
    at _default (/Users/wushaoxia/moocweb/api/src/common/ErrorHandle.js:31:7)
    at cors (/Users/wushaoxia/moocweb/api/node_modules/@koa/cors/index.js:98:16)
    at serve (/Users/wushaoxia/moocweb/api/node_modules/koa-static/index.js:53:9)
    
[2021-03-28T14:47:27.113] [ERROR] error - /public/list?catalog=&isTop=0&page=0&limit=20&sort=created&tag=&status= GET 404
    InternalServerError: 发出的请求针对的是不存在的记录，服务器没有进行操作。
    at Object.throw (/Users/wushaoxia/moocweb/api/node_modules/koa/lib/context.js:97:11)
    at _default (/Users/wushaoxia/moocweb/api/src/common/ErrorHandle.js:31:7)
    at cors (/Users/wushaoxia/moocweb/api/node_modules/@koa/cors/index.js:98:16)
    at serve (/Users/wushaoxia/moocweb/api/node_modules/koa-static/index.js:53:9)
    
[2021-03-28T14:47:27.114] [ERROR] error - /public/tips GET 404
    InternalServerError: 发出的请求针对的是不存在的记录，服务器没有进行操作。
    at Object.throw (/Users/wushaoxia/moocweb/api/node_modules/koa/lib/context.js:97:11)
    at _default (/Users/wushaoxia/moocweb/api/src/common/ErrorHandle.js:31:7)
    at cors (/Users/wushaoxia/moocweb/api/node_modules/@koa/cors/index.js:98:16)
    at serve (/Users/wushaoxia/moocweb/api/node_modules/koa-static/index.js:53:9)
    
[2021-03-28T14:47:27.118] [ERROR] error - /public/links GET 404
    InternalServerError: 发出的请求针对的是不存在的记录，服务器没有进行操作。
    at Object.throw (/Users/wushaoxia/moocweb/api/node_modules/koa/lib/context.js:97:11)
    at _default (/Users/wushaoxia/moocweb/api/src/common/ErrorHandle.js:31:7)
    at cors (/Users/wushaoxia/moocweb/api/node_modules/@koa/cors/index.js:98:16)
    at serve (/Users/wushaoxia/moocweb/api/node_modules/koa-static/index.js:53:9)
    
[2021-03-28T14:47:27.119] [ERROR] error - /public/hotSignRecord?page=0&limit=20&index=0 GET 404
    InternalServerError: 发出的请求针对的是不存在的记录，服务器没有进行操作。
    at Object.throw (/Users/wushaoxia/moocweb/api/node_modules/koa/lib/context.js:97:11)
    at _default (/Users/wushaoxia/moocweb/api/src/common/ErrorHandle.js:31:7)
    at cors (/Users/wushaoxia/moocweb/api/node_modules/@koa/cors/index.js:98:16)
    at serve (/Users/wushaoxia/moocweb/api/node_modules/koa-static/index.js:53:9)
    
[2021-03-28T14:47:27.119] [ERROR] error - /public/topWeek GET 404
    InternalServerError: 发出的请求针对的是不存在的记录，服务器没有进行操作。
    at Object.throw (/Users/wushaoxia/moocweb/api/node_modules/koa/lib/context.js:97:11)
    at _default (/Users/wushaoxia/moocweb/api/src/common/ErrorHandle.js:31:7)
    at cors (/Users/wushaoxia/moocweb/api/node_modules/@koa/cors/index.js:98:16)
    at serve (/Users/wushaoxia/moocweb/api/node_modules/koa-static/index.js:53:9)
    
[2021-03-28T14:48:54.505] [ERROR] error - /public/list?catalog=&isTop=1&page=0&limit=20&sort=created&tag=&status= GET 404
    InternalServerError: 发出的请求针对的是不存在的记录，服务器没有进行操作。
    at Object.throw (/Users/wushaoxia/moocweb/api/node_modules/koa/lib/context.js:97:11)
    at _default (/Users/wushaoxia/moocweb/api/src/common/ErrorHandle.js:31:7)
    at cors (/Users/wushaoxia/moocweb/api/node_modules/@koa/cors/index.js:98:16)
    at serve (/Users/wushaoxia/moocweb/api/node_modules/koa-static/index.js:53:9)
    
[2021-03-28T14:48:54.506] [ERROR] error - /public/list?catalog=&isTop=0&page=0&limit=20&sort=created&tag=&status= GET 404
    InternalServerError: 发出的请求针对的是不存在的记录，服务器没有进行操作。
    at Object.throw (/Users/wushaoxia/moocweb/api/node_modules/koa/lib/context.js:97:11)
    at _default (/Users/wushaoxia/moocweb/api/src/common/ErrorHandle.js:31:7)
    at cors (/Users/wushaoxia/moocweb/api/node_modules/@koa/cors/index.js:98:16)
    at serve (/Users/wushaoxia/moocweb/api/node_modules/koa-static/index.js:53:9)
    
[2021-03-28T14:48:54.507] [ERROR] error - /public/tips GET 404
    InternalServerError: 发出的请求针对的是不存在的记录，服务器没有进行操作。
    at Object.throw (/Users/wushaoxia/moocweb/api/node_modules/koa/lib/context.js:97:11)
    at _default (/Users/wushaoxia/moocweb/api/src/common/ErrorHandle.js:31:7)
    at cors (/Users/wushaoxia/moocweb/api/node_modules/@koa/cors/index.js:98:16)
    at serve (/Users/wushaoxia/moocweb/api/node_modules/koa-static/index.js:53:9)
    
[2021-03-28T14:48:54.508] [ERROR] error - /public/hotSignRecord?page=0&limit=20&index=0 GET 404
    InternalServerError: 发出的请求针对的是不存在的记录，服务器没有进行操作。
    at Object.throw (/Users/wushaoxia/moocweb/api/node_modules/koa/lib/context.js:97:11)
    at _default (/Users/wushaoxia/moocweb/api/src/common/ErrorHandle.js:31:7)
    at cors (/Users/wushaoxia/moocweb/api/node_modules/@koa/cors/index.js:98:16)
    at serve (/Users/wushaoxia/moocweb/api/node_modules/koa-static/index.js:53:9)
    
[2021-03-28T14:48:54.508] [ERROR] error - /public/topWeek GET 404
    InternalServerError: 发出的请求针对的是不存在的记录，服务器没有进行操作。
    at Object.throw (/Users/wushaoxia/moocweb/api/node_modules/koa/lib/context.js:97:11)
    at _default (/Users/wushaoxia/moocweb/api/src/common/ErrorHandle.js:31:7)
    at cors (/Users/wushaoxia/moocweb/api/node_modules/@koa/cors/index.js:98:16)
    at serve (/Users/wushaoxia/moocweb/api/node_modules/koa-static/index.js:53:9)
    
[2021-03-28T14:48:54.509] [ERROR] error - /public/links GET 404
    InternalServerError: 发出的请求针对的是不存在的记录，服务器没有进行操作。
    at Object.throw (/Users/wushaoxia/moocweb/api/node_modules/koa/lib/context.js:97:11)
    at _default (/Users/wushaoxia/moocweb/api/src/common/ErrorHandle.js:31:7)
    at cors (/Users/wushaoxia/moocweb/api/node_modules/@koa/cors/index.js:98:16)
    at serve (/Users/wushaoxia/moocweb/api/node_modules/koa-static/index.js:53:9)
    
[2021-03-28T14:48:59.049] [ERROR] error - /public/list?catalog=&isTop=1&page=0&limit=20&sort=created&tag=&status= GET 404
    InternalServerError: 发出的请求针对的是不存在的记录，服务器没有进行操作。
    at Object.throw (/Users/wushaoxia/moocweb/api/node_modules/koa/lib/context.js:97:11)
    at _default (/Users/wushaoxia/moocweb/api/src/common/ErrorHandle.js:31:7)
    at cors (/Users/wushaoxia/moocweb/api/node_modules/@koa/cors/index.js:98:16)
    at serve (/Users/wushaoxia/moocweb/api/node_modules/koa-static/index.js:53:9)
    
[2021-03-28T14:48:59.050] [ERROR] error - /public/list?catalog=&isTop=0&page=0&limit=20&sort=created&tag=&status= GET 404
    InternalServerError: 发出的请求针对的是不存在的记录，服务器没有进行操作。
    at Object.throw (/Users/wushaoxia/moocweb/api/node_modules/koa/lib/context.js:97:11)
    at _default (/Users/wushaoxia/moocweb/api/src/common/ErrorHandle.js:31:7)
    at cors (/Users/wushaoxia/moocweb/api/node_modules/@koa/cors/index.js:98:16)
    at serve (/Users/wushaoxia/moocweb/api/node_modules/koa-static/index.js:53:9)
    
[2021-03-28T14:48:59.051] [ERROR] error - /public/tips GET 404
    InternalServerError: 发出的请求针对的是不存在的记录，服务器没有进行操作。
    at Object.throw (/Users/wushaoxia/moocweb/api/node_modules/koa/lib/context.js:97:11)
    at _default (/Users/wushaoxia/moocweb/api/src/common/ErrorHandle.js:31:7)
    at cors (/Users/wushaoxia/moocweb/api/node_modules/@koa/cors/index.js:98:16)
    at serve (/Users/wushaoxia/moocweb/api/node_modules/koa-static/index.js:53:9)
    
[2021-03-28T14:48:59.053] [ERROR] error - /public/hotSignRecord?page=0&limit=20&index=0 GET 404
    InternalServerError: 发出的请求针对的是不存在的记录，服务器没有进行操作。
    at Object.throw (/Users/wushaoxia/moocweb/api/node_modules/koa/lib/context.js:97:11)
    at _default (/Users/wushaoxia/moocweb/api/src/common/ErrorHandle.js:31:7)
    at cors (/Users/wushaoxia/moocweb/api/node_modules/@koa/cors/index.js:98:16)
    at serve (/Users/wushaoxia/moocweb/api/node_modules/koa-static/index.js:53:9)
    
[2021-03-28T14:48:59.053] [ERROR] error - /public/topWeek GET 404
    InternalServerError: 发出的请求针对的是不存在的记录，服务器没有进行操作。
    at Object.throw (/Users/wushaoxia/moocweb/api/node_modules/koa/lib/context.js:97:11)
    at _default (/Users/wushaoxia/moocweb/api/src/common/ErrorHandle.js:31:7)
    at cors (/Users/wushaoxia/moocweb/api/node_modules/@koa/cors/index.js:98:16)
    at serve (/Users/wushaoxia/moocweb/api/node_modules/koa-static/index.js:53:9)
    
[2021-03-28T14:48:59.054] [ERROR] error - /public/links GET 404
    InternalServerError: 发出的请求针对的是不存在的记录，服务器没有进行操作。
    at Object.throw (/Users/wushaoxia/moocweb/api/node_modules/koa/lib/context.js:97:11)
    at _default (/Users/wushaoxia/moocweb/api/src/common/ErrorHandle.js:31:7)
    at cors (/Users/wushaoxia/moocweb/api/node_modules/@koa/cors/index.js:98:16)
    at serve (/Users/wushaoxia/moocweb/api/node_modules/koa-static/index.js:53:9)
    
[2021-03-28T14:49:11.630] [ERROR] error - /public/list?catalog=ask&isTop=0&page=0&limit=20&sort=created&tag=&status= GET 404
    InternalServerError: 发出的请求针对的是不存在的记录，服务器没有进行操作。
    at Object.throw (/Users/wushaoxia/moocweb/api/node_modules/koa/lib/context.js:97:11)
    at _default (/Users/wushaoxia/moocweb/api/src/common/ErrorHandle.js:31:7)
    at cors (/Users/wushaoxia/moocweb/api/node_modules/@koa/cors/index.js:98:16)
    at serve (/Users/wushaoxia/moocweb/api/node_modules/koa-static/index.js:53:9)
    
[2021-03-28T14:49:11.634] [ERROR] error - /public/topWeek GET 404
    InternalServerError: 发出的请求针对的是不存在的记录，服务器没有进行操作。
    at Object.throw (/Users/wushaoxia/moocweb/api/node_modules/koa/lib/context.js:97:11)
    at _default (/Users/wushaoxia/moocweb/api/src/common/ErrorHandle.js:31:7)
    at cors (/Users/wushaoxia/moocweb/api/node_modules/@koa/cors/index.js:98:16)
    at serve (/Users/wushaoxia/moocweb/api/node_modules/koa-static/index.js:53:9)
    
[2021-03-28T14:49:11.634] [ERROR] error - /public/links GET 404
    InternalServerError: 发出的请求针对的是不存在的记录，服务器没有进行操作。
    at Object.throw (/Users/wushaoxia/moocweb/api/node_modules/koa/lib/context.js:97:11)
    at _default (/Users/wushaoxia/moocweb/api/src/common/ErrorHandle.js:31:7)
    at cors (/Users/wushaoxia/moocweb/api/node_modules/@koa/cors/index.js:98:16)
    at serve (/Users/wushaoxia/moocweb/api/node_modules/koa-static/index.js:53:9)
    
[2021-03-28T14:49:15.340] [ERROR] error - /public/list?catalog=&isTop=1&page=0&limit=20&sort=created&tag=&status= GET 404
    InternalServerError: 发出的请求针对的是不存在的记录，服务器没有进行操作。
    at Object.throw (/Users/wushaoxia/moocweb/api/node_modules/koa/lib/context.js:97:11)
    at _default (/Users/wushaoxia/moocweb/api/src/common/ErrorHandle.js:31:7)
    at cors (/Users/wushaoxia/moocweb/api/node_modules/@koa/cors/index.js:98:16)
    at serve (/Users/wushaoxia/moocweb/api/node_modules/koa-static/index.js:53:9)
    
[2021-03-28T14:49:15.341] [ERROR] error - /public/list?catalog=&isTop=0&page=0&limit=20&sort=created&tag=&status= GET 404
    InternalServerError: 发出的请求针对的是不存在的记录，服务器没有进行操作。
    at Object.throw (/Users/wushaoxia/moocweb/api/node_modules/koa/lib/context.js:97:11)
    at _default (/Users/wushaoxia/moocweb/api/src/common/ErrorHandle.js:31:7)
    at cors (/Users/wushaoxia/moocweb/api/node_modules/@koa/cors/index.js:98:16)
    at serve (/Users/wushaoxia/moocweb/api/node_modules/koa-static/index.js:53:9)
    
[2021-03-28T14:49:15.343] [ERROR] error - /public/tips GET 404
    InternalServerError: 发出的请求针对的是不存在的记录，服务器没有进行操作。
    at Object.throw (/Users/wushaoxia/moocweb/api/node_modules/koa/lib/context.js:97:11)
    at _default (/Users/wushaoxia/moocweb/api/src/common/ErrorHandle.js:31:7)
    at cors (/Users/wushaoxia/moocweb/api/node_modules/@koa/cors/index.js:98:16)
    at serve (/Users/wushaoxia/moocweb/api/node_modules/koa-static/index.js:53:9)
    
[2021-03-28T14:49:15.344] [ERROR] error - /public/hotSignRecord?page=0&limit=20&index=0 GET 404
    InternalServerError: 发出的请求针对的是不存在的记录，服务器没有进行操作。
    at Object.throw (/Users/wushaoxia/moocweb/api/node_modules/koa/lib/context.js:97:11)
    at _default (/Users/wushaoxia/moocweb/api/src/common/ErrorHandle.js:31:7)
    at cors (/Users/wushaoxia/moocweb/api/node_modules/@koa/cors/index.js:98:16)
    at serve (/Users/wushaoxia/moocweb/api/node_modules/koa-static/index.js:53:9)
    
[2021-03-28T14:49:15.345] [ERROR] error - /public/links GET 404
    InternalServerError: 发出的请求针对的是不存在的记录，服务器没有进行操作。
    at Object.throw (/Users/wushaoxia/moocweb/api/node_modules/koa/lib/context.js:97:11)
    at _default (/Users/wushaoxia/moocweb/api/src/common/ErrorHandle.js:31:7)
    at cors (/Users/wushaoxia/moocweb/api/node_modules/@koa/cors/index.js:98:16)
    at serve (/Users/wushaoxia/moocweb/api/node_modules/koa-static/index.js:53:9)
    
[2021-03-28T14:49:15.346] [ERROR] error - /public/topWeek GET 404
    InternalServerError: 发出的请求针对的是不存在的记录，服务器没有进行操作。
    at Object.throw (/Users/wushaoxia/moocweb/api/node_modules/koa/lib/context.js:97:11)
    at _default (/Users/wushaoxia/moocweb/api/src/common/ErrorHandle.js:31:7)
    at cors (/Users/wushaoxia/moocweb/api/node_modules/@koa/cors/index.js:98:16)
    at serve (/Users/wushaoxia/moocweb/api/node_modules/koa-static/index.js:53:9)
    
[2021-03-28T14:49:22.489] [ERROR] error - /public/list?catalog=&isTop=1&page=0&limit=20&sort=created&tag=&status= GET 404
    InternalServerError: 发出的请求针对的是不存在的记录，服务器没有进行操作。
    at Object.throw (/Users/wushaoxia/moocweb/api/node_modules/koa/lib/context.js:97:11)
    at _default (/Users/wushaoxia/moocweb/api/src/common/ErrorHandle.js:31:7)
    at cors (/Users/wushaoxia/moocweb/api/node_modules/@koa/cors/index.js:98:16)
    at serve (/Users/wushaoxia/moocweb/api/node_modules/koa-static/index.js:53:9)
    
[2021-03-28T14:49:22.490] [ERROR] error - /public/list?catalog=&isTop=0&page=0&limit=20&sort=created&tag=&status= GET 404
    InternalServerError: 发出的请求针对的是不存在的记录，服务器没有进行操作。
    at Object.throw (/Users/wushaoxia/moocweb/api/node_modules/koa/lib/context.js:97:11)
    at _default (/Users/wushaoxia/moocweb/api/src/common/ErrorHandle.js:31:7)
    at cors (/Users/wushaoxia/moocweb/api/node_modules/@koa/cors/index.js:98:16)
    at serve (/Users/wushaoxia/moocweb/api/node_modules/koa-static/index.js:53:9)
    
[2021-03-28T14:49:22.494] [ERROR] error - /public/hotSignRecord?page=0&limit=20&index=0 GET 404
    InternalServerError: 发出的请求针对的是不存在的记录，服务器没有进行操作。
    at Object.throw (/Users/wushaoxia/moocweb/api/node_modules/koa/lib/context.js:97:11)
    at _default (/Users/wushaoxia/moocweb/api/src/common/ErrorHandle.js:31:7)
    at cors (/Users/wushaoxia/moocweb/api/node_modules/@koa/cors/index.js:98:16)
    at serve (/Users/wushaoxia/moocweb/api/node_modules/koa-static/index.js:53:9)
    
[2021-03-28T14:49:22.495] [ERROR] error - /public/tips GET 404
    InternalServerError: 发出的请求针对的是不存在的记录，服务器没有进行操作。
    at Object.throw (/Users/wushaoxia/moocweb/api/node_modules/koa/lib/context.js:97:11)
    at _default (/Users/wushaoxia/moocweb/api/src/common/ErrorHandle.js:31:7)
    at cors (/Users/wushaoxia/moocweb/api/node_modules/@koa/cors/index.js:98:16)
    at serve (/Users/wushaoxia/moocweb/api/node_modules/koa-static/index.js:53:9)
    
[2021-03-28T14:49:22.496] [ERROR] error - /public/topWeek GET 404
    InternalServerError: 发出的请求针对的是不存在的记录，服务器没有进行操作。
    at Object.throw (/Users/wushaoxia/moocweb/api/node_modules/koa/lib/context.js:97:11)
    at _default (/Users/wushaoxia/moocweb/api/src/common/ErrorHandle.js:31:7)
    at cors (/Users/wushaoxia/moocweb/api/node_modules/@koa/cors/index.js:98:16)
    at serve (/Users/wushaoxia/moocweb/api/node_modules/koa-static/index.js:53:9)
    
[2021-03-28T14:49:22.496] [ERROR] error - /public/links GET 404
    InternalServerError: 发出的请求针对的是不存在的记录，服务器没有进行操作。
    at Object.throw (/Users/wushaoxia/moocweb/api/node_modules/koa/lib/context.js:97:11)
    at _default (/Users/wushaoxia/moocweb/api/src/common/ErrorHandle.js:31:7)
    at cors (/Users/wushaoxia/moocweb/api/node_modules/@koa/cors/index.js:98:16)
    at serve (/Users/wushaoxia/moocweb/api/node_modules/koa-static/index.js:53:9)
    
[2021-03-28T14:49:40.652] [ERROR] error - /public/list?catalog=&isTop=1&page=0&limit=20&sort=created&tag=&status= GET 404
    InternalServerError: 发出的请求针对的是不存在的记录，服务器没有进行操作。
    at Object.throw (/Users/wushaoxia/moocweb/api/node_modules/koa/lib/context.js:97:11)
    at _default (/Users/wushaoxia/moocweb/api/src/common/ErrorHandle.js:31:7)
    at cors (/Users/wushaoxia/moocweb/api/node_modules/@koa/cors/index.js:98:16)
    at serve (/Users/wushaoxia/moocweb/api/node_modules/koa-static/index.js:53:9)
    
[2021-03-28T14:49:40.655] [ERROR] error - /public/list?catalog=&isTop=0&page=0&limit=20&sort=created&tag=&status= GET 404
    InternalServerError: 发出的请求针对的是不存在的记录，服务器没有进行操作。
    at Object.throw (/Users/wushaoxia/moocweb/api/node_modules/koa/lib/context.js:97:11)
    at _default (/Users/wushaoxia/moocweb/api/src/common/ErrorHandle.js:31:7)
    at cors (/Users/wushaoxia/moocweb/api/node_modules/@koa/cors/index.js:98:16)
    at serve (/Users/wushaoxia/moocweb/api/node_modules/koa-static/index.js:53:9)
    
[2021-03-28T14:49:40.656] [ERROR] error - /public/hotSignRecord?page=0&limit=20&index=0 GET 404
    InternalServerError: 发出的请求针对的是不存在的记录，服务器没有进行操作。
    at Object.throw (/Users/wushaoxia/moocweb/api/node_modules/koa/lib/context.js:97:11)
    at _default (/Users/wushaoxia/moocweb/api/src/common/ErrorHandle.js:31:7)
    at cors (/Users/wushaoxia/moocweb/api/node_modules/@koa/cors/index.js:98:16)
    at serve (/Users/wushaoxia/moocweb/api/node_modules/koa-static/index.js:53:9)
    
[2021-03-28T14:49:40.657] [ERROR] error - /public/tips GET 404
    InternalServerError: 发出的请求针对的是不存在的记录，服务器没有进行操作。
    at Object.throw (/Users/wushaoxia/moocweb/api/node_modules/koa/lib/context.js:97:11)
    at _default (/Users/wushaoxia/moocweb/api/src/common/ErrorHandle.js:31:7)
    at cors (/Users/wushaoxia/moocweb/api/node_modules/@koa/cors/index.js:98:16)
    at serve (/Users/wushaoxia/moocweb/api/node_modules/koa-static/index.js:53:9)
    
[2021-03-28T14:49:40.659] [ERROR] error - /public/topWeek GET 404
    InternalServerError: 发出的请求针对的是不存在的记录，服务器没有进行操作。
    at Object.throw (/Users/wushaoxia/moocweb/api/node_modules/koa/lib/context.js:97:11)
    at _default (/Users/wushaoxia/moocweb/api/src/common/ErrorHandle.js:31:7)
    at cors (/Users/wushaoxia/moocweb/api/node_modules/@koa/cors/index.js:98:16)
    at serve (/Users/wushaoxia/moocweb/api/node_modules/koa-static/index.js:53:9)
    
[2021-03-28T14:49:40.659] [ERROR] error - /public/links GET 404
    InternalServerError: 发出的请求针对的是不存在的记录，服务器没有进行操作。
    at Object.throw (/Users/wushaoxia/moocweb/api/node_modules/koa/lib/context.js:97:11)
    at _default (/Users/wushaoxia/moocweb/api/src/common/ErrorHandle.js:31:7)
    at cors (/Users/wushaoxia/moocweb/api/node_modules/@koa/cors/index.js:98:16)
    at serve (/Users/wushaoxia/moocweb/api/node_modules/koa-static/index.js:53:9)
    
[2021-03-28T14:49:43.733] [ERROR] error - /public/list?catalog=notice&isTop=0&page=0&limit=20&sort=created&tag=&status= GET 404
    InternalServerError: 发出的请求针对的是不存在的记录，服务器没有进行操作。
    at Object.throw (/Users/wushaoxia/moocweb/api/node_modules/koa/lib/context.js:97:11)
    at _default (/Users/wushaoxia/moocweb/api/src/common/ErrorHandle.js:31:7)
    at cors (/Users/wushaoxia/moocweb/api/node_modules/@koa/cors/index.js:98:16)
    at serve (/Users/wushaoxia/moocweb/api/node_modules/koa-static/index.js:53:9)
    
[2021-03-28T14:49:43.735] [ERROR] error - /public/topWeek GET 404
    InternalServerError: 发出的请求针对的是不存在的记录，服务器没有进行操作。
    at Object.throw (/Users/wushaoxia/moocweb/api/node_modules/koa/lib/context.js:97:11)
    at _default (/Users/wushaoxia/moocweb/api/src/common/ErrorHandle.js:31:7)
    at cors (/Users/wushaoxia/moocweb/api/node_modules/@koa/cors/index.js:98:16)
    at serve (/Users/wushaoxia/moocweb/api/node_modules/koa-static/index.js:53:9)
    
[2021-03-28T14:49:43.737] [ERROR] error - /public/links GET 404
    InternalServerError: 发出的请求针对的是不存在的记录，服务器没有进行操作。
    at Object.throw (/Users/wushaoxia/moocweb/api/node_modules/koa/lib/context.js:97:11)
    at _default (/Users/wushaoxia/moocweb/api/src/common/ErrorHandle.js:31:7)
    at cors (/Users/wushaoxia/moocweb/api/node_modules/@koa/cors/index.js:98:16)
    at serve (/Users/wushaoxia/moocweb/api/node_modules/koa-static/index.js:53:9)
    
[2021-03-28T14:49:55.707] [ERROR] error - /public/list?catalog=&isTop=1&page=0&limit=20&sort=created&tag=&status= GET 404
    InternalServerError: 发出的请求针对的是不存在的记录，服务器没有进行操作。
    at Object.throw (/Users/wushaoxia/moocweb/api/node_modules/koa/lib/context.js:97:11)
    at _default (/Users/wushaoxia/moocweb/api/src/common/ErrorHandle.js:31:7)
    at cors (/Users/wushaoxia/moocweb/api/node_modules/@koa/cors/index.js:98:16)
    at serve (/Users/wushaoxia/moocweb/api/node_modules/koa-static/index.js:53:9)
    
[2021-03-28T14:49:55.709] [ERROR] error - /public/list?catalog=&isTop=0&page=0&limit=20&sort=created&tag=&status= GET 404
    InternalServerError: 发出的请求针对的是不存在的记录，服务器没有进行操作。
    at Object.throw (/Users/wushaoxia/moocweb/api/node_modules/koa/lib/context.js:97:11)
    at _default (/Users/wushaoxia/moocweb/api/src/common/ErrorHandle.js:31:7)
    at cors (/Users/wushaoxia/moocweb/api/node_modules/@koa/cors/index.js:98:16)
    at serve (/Users/wushaoxia/moocweb/api/node_modules/koa-static/index.js:53:9)
    
[2021-03-28T14:49:55.710] [ERROR] error - /public/tips GET 404
    InternalServerError: 发出的请求针对的是不存在的记录，服务器没有进行操作。
    at Object.throw (/Users/wushaoxia/moocweb/api/node_modules/koa/lib/context.js:97:11)
    at _default (/Users/wushaoxia/moocweb/api/src/common/ErrorHandle.js:31:7)
    at cors (/Users/wushaoxia/moocweb/api/node_modules/@koa/cors/index.js:98:16)
    at serve (/Users/wushaoxia/moocweb/api/node_modules/koa-static/index.js:53:9)
    
[2021-03-28T14:49:55.712] [ERROR] error - /public/topWeek GET 404
    InternalServerError: 发出的请求针对的是不存在的记录，服务器没有进行操作。
    at Object.throw (/Users/wushaoxia/moocweb/api/node_modules/koa/lib/context.js:97:11)
    at _default (/Users/wushaoxia/moocweb/api/src/common/ErrorHandle.js:31:7)
    at cors (/Users/wushaoxia/moocweb/api/node_modules/@koa/cors/index.js:98:16)
    at serve (/Users/wushaoxia/moocweb/api/node_modules/koa-static/index.js:53:9)
    
[2021-03-28T14:49:55.713] [ERROR] error - /public/hotSignRecord?page=0&limit=20&index=0 GET 404
    InternalServerError: 发出的请求针对的是不存在的记录，服务器没有进行操作。
    at Object.throw (/Users/wushaoxia/moocweb/api/node_modules/koa/lib/context.js:97:11)
    at _default (/Users/wushaoxia/moocweb/api/src/common/ErrorHandle.js:31:7)
    at cors (/Users/wushaoxia/moocweb/api/node_modules/@koa/cors/index.js:98:16)
    at serve (/Users/wushaoxia/moocweb/api/node_modules/koa-static/index.js:53:9)
    
[2021-03-28T14:49:55.715] [ERROR] error - /public/links GET 404
    InternalServerError: 发出的请求针对的是不存在的记录，服务器没有进行操作。
    at Object.throw (/Users/wushaoxia/moocweb/api/node_modules/koa/lib/context.js:97:11)
    at _default (/Users/wushaoxia/moocweb/api/src/common/ErrorHandle.js:31:7)
    at cors (/Users/wushaoxia/moocweb/api/node_modules/@koa/cors/index.js:98:16)
    at serve (/Users/wushaoxia/moocweb/api/node_modules/koa-static/index.js:53:9)
    
[2021-03-28T14:50:00.032] [ERROR] error - /public/list?catalog=&isTop=0&page=0&limit=20&sort=answer&tag=&status= GET 404
    InternalServerError: 发出的请求针对的是不存在的记录，服务器没有进行操作。
    at Object.throw (/Users/wushaoxia/moocweb/api/node_modules/koa/lib/context.js:97:11)
    at _default (/Users/wushaoxia/moocweb/api/src/common/ErrorHandle.js:31:7)
    at cors (/Users/wushaoxia/moocweb/api/node_modules/@koa/cors/index.js:98:16)
    at serve (/Users/wushaoxia/moocweb/api/node_modules/koa-static/index.js:53:9)
    
[2021-03-28T14:50:03.001] [ERROR] error - /public/list?catalog=&isTop=0&page=0&limit=20&sort=created&tag=&status= GET 404
    InternalServerError: 发出的请求针对的是不存在的记录，服务器没有进行操作。
    at Object.throw (/Users/wushaoxia/moocweb/api/node_modules/koa/lib/context.js:97:11)
    at _default (/Users/wushaoxia/moocweb/api/src/common/ErrorHandle.js:31:7)
    at cors (/Users/wushaoxia/moocweb/api/node_modules/@koa/cors/index.js:98:16)
    at serve (/Users/wushaoxia/moocweb/api/node_modules/koa-static/index.js:53:9)
    
[2021-03-28T14:53:34.063] [ERROR] error - /public/list?catalog=&isTop=1&page=0&limit=20&sort=created&tag=&status= GET 404
    InternalServerError: 发出的请求针对的是不存在的记录，服务器没有进行操作。
    at Object.throw (/Users/wushaoxia/moocweb/api/node_modules/koa/lib/context.js:97:11)
    at _default (/Users/wushaoxia/moocweb/api/src/common/ErrorHandle.js:31:7)
    at cors (/Users/wushaoxia/moocweb/api/node_modules/@koa/cors/index.js:98:16)
    at serve (/Users/wushaoxia/moocweb/api/node_modules/koa-static/index.js:53:9)
    
[2021-03-28T14:53:34.065] [ERROR] error - /public/list?catalog=&isTop=0&page=0&limit=20&sort=created&tag=&status= GET 404
    InternalServerError: 发出的请求针对的是不存在的记录，服务器没有进行操作。
    at Object.throw (/Users/wushaoxia/moocweb/api/node_modules/koa/lib/context.js:97:11)
    at _default (/Users/wushaoxia/moocweb/api/src/common/ErrorHandle.js:31:7)
    at cors (/Users/wushaoxia/moocweb/api/node_modules/@koa/cors/index.js:98:16)
    at serve (/Users/wushaoxia/moocweb/api/node_modules/koa-static/index.js:53:9)
    
[2021-03-28T14:53:34.066] [ERROR] error - /public/tips GET 404
    InternalServerError: 发出的请求针对的是不存在的记录，服务器没有进行操作。
    at Object.throw (/Users/wushaoxia/moocweb/api/node_modules/koa/lib/context.js:97:11)
    at _default (/Users/wushaoxia/moocweb/api/src/common/ErrorHandle.js:31:7)
    at cors (/Users/wushaoxia/moocweb/api/node_modules/@koa/cors/index.js:98:16)
    at serve (/Users/wushaoxia/moocweb/api/node_modules/koa-static/index.js:53:9)
    
[2021-03-28T14:53:34.066] [ERROR] error - /public/hotSignRecord?page=0&limit=20&index=0 GET 404
    InternalServerError: 发出的请求针对的是不存在的记录，服务器没有进行操作。
    at Object.throw (/Users/wushaoxia/moocweb/api/node_modules/koa/lib/context.js:97:11)
    at _default (/Users/wushaoxia/moocweb/api/src/common/ErrorHandle.js:31:7)
    at cors (/Users/wushaoxia/moocweb/api/node_modules/@koa/cors/index.js:98:16)
    at serve (/Users/wushaoxia/moocweb/api/node_modules/koa-static/index.js:53:9)
    
[2021-03-28T14:53:34.067] [ERROR] error - /public/topWeek GET 404
    InternalServerError: 发出的请求针对的是不存在的记录，服务器没有进行操作。
    at Object.throw (/Users/wushaoxia/moocweb/api/node_modules/koa/lib/context.js:97:11)
    at _default (/Users/wushaoxia/moocweb/api/src/common/ErrorHandle.js:31:7)
    at cors (/Users/wushaoxia/moocweb/api/node_modules/@koa/cors/index.js:98:16)
    at serve (/Users/wushaoxia/moocweb/api/node_modules/koa-static/index.js:53:9)
    
[2021-03-28T14:53:34.067] [ERROR] error - /public/links GET 404
    InternalServerError: 发出的请求针对的是不存在的记录，服务器没有进行操作。
    at Object.throw (/Users/wushaoxia/moocweb/api/node_modules/koa/lib/context.js:97:11)
    at _default (/Users/wushaoxia/moocweb/api/src/common/ErrorHandle.js:31:7)
    at cors (/Users/wushaoxia/moocweb/api/node_modules/@koa/cors/index.js:98:16)
    at serve (/Users/wushaoxia/moocweb/api/node_modules/koa-static/index.js:53:9)
    
[2021-03-28T14:54:38.197] [ERROR] error - /public/list?catalog=&isTop=1&page=0&limit=20&sort=created&tag=&status= GET 404
    InternalServerError: 发出的请求针对的是不存在的记录，服务器没有进行操作。
    at Object.throw (/Users/wushaoxia/moocweb/api/node_modules/koa/lib/context.js:97:11)
    at _default (/Users/wushaoxia/moocweb/api/src/common/ErrorHandle.js:31:7)
    at cors (/Users/wushaoxia/moocweb/api/node_modules/@koa/cors/index.js:98:16)
    at serve (/Users/wushaoxia/moocweb/api/node_modules/koa-static/index.js:53:9)
    
[2021-03-28T14:54:38.198] [ERROR] error - /public/list?catalog=&isTop=0&page=0&limit=20&sort=created&tag=&status= GET 404
    InternalServerError: 发出的请求针对的是不存在的记录，服务器没有进行操作。
    at Object.throw (/Users/wushaoxia/moocweb/api/node_modules/koa/lib/context.js:97:11)
    at _default (/Users/wushaoxia/moocweb/api/src/common/ErrorHandle.js:31:7)
    at cors (/Users/wushaoxia/moocweb/api/node_modules/@koa/cors/index.js:98:16)
    at serve (/Users/wushaoxia/moocweb/api/node_modules/koa-static/index.js:53:9)
    
[2021-03-28T14:54:38.199] [ERROR] error - /public/tips GET 404
    InternalServerError: 发出的请求针对的是不存在的记录，服务器没有进行操作。
    at Object.throw (/Users/wushaoxia/moocweb/api/node_modules/koa/lib/context.js:97:11)
    at _default (/Users/wushaoxia/moocweb/api/src/common/ErrorHandle.js:31:7)
    at cors (/Users/wushaoxia/moocweb/api/node_modules/@koa/cors/index.js:98:16)
    at serve (/Users/wushaoxia/moocweb/api/node_modules/koa-static/index.js:53:9)
    
[2021-03-28T14:54:38.202] [ERROR] error - /public/topWeek GET 404
    InternalServerError: 发出的请求针对的是不存在的记录，服务器没有进行操作。
    at Object.throw (/Users/wushaoxia/moocweb/api/node_modules/koa/lib/context.js:97:11)
    at _default (/Users/wushaoxia/moocweb/api/src/common/ErrorHandle.js:31:7)
    at cors (/Users/wushaoxia/moocweb/api/node_modules/@koa/cors/index.js:98:16)
    at serve (/Users/wushaoxia/moocweb/api/node_modules/koa-static/index.js:53:9)
    
[2021-03-28T14:54:38.203] [ERROR] error - /public/hotSignRecord?page=0&limit=20&index=0 GET 404
    InternalServerError: 发出的请求针对的是不存在的记录，服务器没有进行操作。
    at Object.throw (/Users/wushaoxia/moocweb/api/node_modules/koa/lib/context.js:97:11)
    at _default (/Users/wushaoxia/moocweb/api/src/common/ErrorHandle.js:31:7)
    at cors (/Users/wushaoxia/moocweb/api/node_modules/@koa/cors/index.js:98:16)
    at serve (/Users/wushaoxia/moocweb/api/node_modules/koa-static/index.js:53:9)
    
[2021-03-28T14:54:38.204] [ERROR] error - /public/links GET 404
    InternalServerError: 发出的请求针对的是不存在的记录，服务器没有进行操作。
    at Object.throw (/Users/wushaoxia/moocweb/api/node_modules/koa/lib/context.js:97:11)
    at _default (/Users/wushaoxia/moocweb/api/src/common/ErrorHandle.js:31:7)
    at cors (/Users/wushaoxia/moocweb/api/node_modules/@koa/cors/index.js:98:16)
    at serve (/Users/wushaoxia/moocweb/api/node_modules/koa-static/index.js:53:9)
    
[2021-03-28T14:55:34.088] [ERROR] error - /public/list?catalog=&isTop=1&page=0&limit=20&sort=created&tag=&status= GET 404
    InternalServerError: 发出的请求针对的是不存在的记录，服务器没有进行操作。
    at Object.throw (/Users/wushaoxia/moocweb/api/node_modules/koa/lib/context.js:97:11)
    at _default (/Users/wushaoxia/moocweb/api/src/common/ErrorHandle.js:31:7)
    at cors (/Users/wushaoxia/moocweb/api/node_modules/@koa/cors/index.js:98:16)
    at serve (/Users/wushaoxia/moocweb/api/node_modules/koa-static/index.js:53:9)
    
[2021-03-28T14:55:34.090] [ERROR] error - /public/list?catalog=&isTop=0&page=0&limit=20&sort=created&tag=&status= GET 404
    InternalServerError: 发出的请求针对的是不存在的记录，服务器没有进行操作。
    at Object.throw (/Users/wushaoxia/moocweb/api/node_modules/koa/lib/context.js:97:11)
    at _default (/Users/wushaoxia/moocweb/api/src/common/ErrorHandle.js:31:7)
    at cors (/Users/wushaoxia/moocweb/api/node_modules/@koa/cors/index.js:98:16)
    at serve (/Users/wushaoxia/moocweb/api/node_modules/koa-static/index.js:53:9)
    
[2021-03-28T14:55:34.092] [ERROR] error - /public/hotSignRecord?page=0&limit=20&index=0 GET 404
    InternalServerError: 发出的请求针对的是不存在的记录，服务器没有进行操作。
    at Object.throw (/Users/wushaoxia/moocweb/api/node_modules/koa/lib/context.js:97:11)
    at _default (/Users/wushaoxia/moocweb/api/src/common/ErrorHandle.js:31:7)
    at cors (/Users/wushaoxia/moocweb/api/node_modules/@koa/cors/index.js:98:16)
    at serve (/Users/wushaoxia/moocweb/api/node_modules/koa-static/index.js:53:9)
    
[2021-03-28T14:55:34.093] [ERROR] error - /public/tips GET 404
    InternalServerError: 发出的请求针对的是不存在的记录，服务器没有进行操作。
    at Object.throw (/Users/wushaoxia/moocweb/api/node_modules/koa/lib/context.js:97:11)
    at _default (/Users/wushaoxia/moocweb/api/src/common/ErrorHandle.js:31:7)
    at cors (/Users/wushaoxia/moocweb/api/node_modules/@koa/cors/index.js:98:16)
    at serve (/Users/wushaoxia/moocweb/api/node_modules/koa-static/index.js:53:9)
    
[2021-03-28T14:55:34.094] [ERROR] error - /public/topWeek GET 404
    InternalServerError: 发出的请求针对的是不存在的记录，服务器没有进行操作。
    at Object.throw (/Users/wushaoxia/moocweb/api/node_modules/koa/lib/context.js:97:11)
    at _default (/Users/wushaoxia/moocweb/api/src/common/ErrorHandle.js:31:7)
    at cors (/Users/wushaoxia/moocweb/api/node_modules/@koa/cors/index.js:98:16)
    at serve (/Users/wushaoxia/moocweb/api/node_modules/koa-static/index.js:53:9)
    
[2021-03-28T14:55:34.095] [ERROR] error - /public/links GET 404
    InternalServerError: 发出的请求针对的是不存在的记录，服务器没有进行操作。
    at Object.throw (/Users/wushaoxia/moocweb/api/node_modules/koa/lib/context.js:97:11)
    at _default (/Users/wushaoxia/moocweb/api/src/common/ErrorHandle.js:31:7)
    at cors (/Users/wushaoxia/moocweb/api/node_modules/@koa/cors/index.js:98:16)
    at serve (/Users/wushaoxia/moocweb/api/node_modules/koa-static/index.js:53:9)
    
[2021-03-28T14:55:39.588] [ERROR] error - /public/list?catalog=ask&isTop=0&page=0&limit=20&sort=created&tag=&status= GET 404
    InternalServerError: 发出的请求针对的是不存在的记录，服务器没有进行操作。
    at Object.throw (/Users/wushaoxia/moocweb/api/node_modules/koa/lib/context.js:97:11)
    at _default (/Users/wushaoxia/moocweb/api/src/common/ErrorHandle.js:31:7)
    at cors (/Users/wushaoxia/moocweb/api/node_modules/@koa/cors/index.js:98:16)
    at serve (/Users/wushaoxia/moocweb/api/node_modules/koa-static/index.js:53:9)
    
[2021-03-28T14:55:39.591] [ERROR] error - /public/topWeek GET 404
    InternalServerError: 发出的请求针对的是不存在的记录，服务器没有进行操作。
    at Object.throw (/Users/wushaoxia/moocweb/api/node_modules/koa/lib/context.js:97:11)
    at _default (/Users/wushaoxia/moocweb/api/src/common/ErrorHandle.js:31:7)
    at cors (/Users/wushaoxia/moocweb/api/node_modules/@koa/cors/index.js:98:16)
    at serve (/Users/wushaoxia/moocweb/api/node_modules/koa-static/index.js:53:9)
    
[2021-03-28T14:55:39.592] [ERROR] error - /public/links GET 404
    InternalServerError: 发出的请求针对的是不存在的记录，服务器没有进行操作。
    at Object.throw (/Users/wushaoxia/moocweb/api/node_modules/koa/lib/context.js:97:11)
    at _default (/Users/wushaoxia/moocweb/api/src/common/ErrorHandle.js:31:7)
    at cors (/Users/wushaoxia/moocweb/api/node_modules/@koa/cors/index.js:98:16)
    at serve (/Users/wushaoxia/moocweb/api/node_modules/koa-static/index.js:53:9)
    
[2021-03-28T15:09:47.614] [ERROR] error - /public/list?catalog=notice&isTop=0&page=0&limit=20&sort=created&tag=&status= GET 404
    InternalServerError: 发出的请求针对的是不存在的记录，服务器没有进行操作。
    at Object.throw (/Users/wushaoxia/moocweb/api/node_modules/koa/lib/context.js:97:11)
    at _default (/Users/wushaoxia/moocweb/api/src/common/ErrorHandle.js:31:7)
    at cors (/Users/wushaoxia/moocweb/api/node_modules/@koa/cors/index.js:98:16)
    at serve (/Users/wushaoxia/moocweb/api/node_modules/koa-static/index.js:53:9)
    
[2021-03-28T15:09:47.616] [ERROR] error - /public/topWeek GET 404
    InternalServerError: 发出的请求针对的是不存在的记录，服务器没有进行操作。
    at Object.throw (/Users/wushaoxia/moocweb/api/node_modules/koa/lib/context.js:97:11)
    at _default (/Users/wushaoxia/moocweb/api/src/common/ErrorHandle.js:31:7)
    at cors (/Users/wushaoxia/moocweb/api/node_modules/@koa/cors/index.js:98:16)
    at serve (/Users/wushaoxia/moocweb/api/node_modules/koa-static/index.js:53:9)
    
[2021-03-28T15:09:47.617] [ERROR] error - /public/links GET 404
    InternalServerError: 发出的请求针对的是不存在的记录，服务器没有进行操作。
    at Object.throw (/Users/wushaoxia/moocweb/api/node_modules/koa/lib/context.js:97:11)
    at _default (/Users/wushaoxia/moocweb/api/src/common/ErrorHandle.js:31:7)
    at cors (/Users/wushaoxia/moocweb/api/node_modules/@koa/cors/index.js:98:16)
    at serve (/Users/wushaoxia/moocweb/api/node_modules/koa-static/index.js:53:9)
    
[2021-03-28T15:09:51.041] [ERROR] error - /public/list?catalog=&isTop=1&page=0&limit=20&sort=created&tag=&status= GET 404
    InternalServerError: 发出的请求针对的是不存在的记录，服务器没有进行操作。
    at Object.throw (/Users/wushaoxia/moocweb/api/node_modules/koa/lib/context.js:97:11)
    at _default (/Users/wushaoxia/moocweb/api/src/common/ErrorHandle.js:31:7)
    at cors (/Users/wushaoxia/moocweb/api/node_modules/@koa/cors/index.js:98:16)
    at serve (/Users/wushaoxia/moocweb/api/node_modules/koa-static/index.js:53:9)
    
[2021-03-28T15:09:51.042] [ERROR] error - /public/list?catalog=&isTop=0&page=0&limit=20&sort=created&tag=&status= GET 404
    InternalServerError: 发出的请求针对的是不存在的记录，服务器没有进行操作。
    at Object.throw (/Users/wushaoxia/moocweb/api/node_modules/koa/lib/context.js:97:11)
    at _default (/Users/wushaoxia/moocweb/api/src/common/ErrorHandle.js:31:7)
    at cors (/Users/wushaoxia/moocweb/api/node_modules/@koa/cors/index.js:98:16)
    at serve (/Users/wushaoxia/moocweb/api/node_modules/koa-static/index.js:53:9)
    
[2021-03-28T15:09:51.043] [ERROR] error - /public/tips GET 404
    InternalServerError: 发出的请求针对的是不存在的记录，服务器没有进行操作。
    at Object.throw (/Users/wushaoxia/moocweb/api/node_modules/koa/lib/context.js:97:11)
    at _default (/Users/wushaoxia/moocweb/api/src/common/ErrorHandle.js:31:7)
    at cors (/Users/wushaoxia/moocweb/api/node_modules/@koa/cors/index.js:98:16)
    at serve (/Users/wushaoxia/moocweb/api/node_modules/koa-static/index.js:53:9)
    
[2021-03-28T15:09:51.046] [ERROR] error - /public/topWeek GET 404
    InternalServerError: 发出的请求针对的是不存在的记录，服务器没有进行操作。
    at Object.throw (/Users/wushaoxia/moocweb/api/node_modules/koa/lib/context.js:97:11)
    at _default (/Users/wushaoxia/moocweb/api/src/common/ErrorHandle.js:31:7)
    at cors (/Users/wushaoxia/moocweb/api/node_modules/@koa/cors/index.js:98:16)
    at serve (/Users/wushaoxia/moocweb/api/node_modules/koa-static/index.js:53:9)
    
[2021-03-28T15:09:51.047] [ERROR] error - /public/hotSignRecord?page=0&limit=20&index=0 GET 404
    InternalServerError: 发出的请求针对的是不存在的记录，服务器没有进行操作。
    at Object.throw (/Users/wushaoxia/moocweb/api/node_modules/koa/lib/context.js:97:11)
    at _default (/Users/wushaoxia/moocweb/api/src/common/ErrorHandle.js:31:7)
    at cors (/Users/wushaoxia/moocweb/api/node_modules/@koa/cors/index.js:98:16)
    at serve (/Users/wushaoxia/moocweb/api/node_modules/koa-static/index.js:53:9)
    
[2021-03-28T15:09:51.048] [ERROR] error - /public/links GET 404
    InternalServerError: 发出的请求针对的是不存在的记录，服务器没有进行操作。
    at Object.throw (/Users/wushaoxia/moocweb/api/node_modules/koa/lib/context.js:97:11)
    at _default (/Users/wushaoxia/moocweb/api/src/common/ErrorHandle.js:31:7)
    at cors (/Users/wushaoxia/moocweb/api/node_modules/@koa/cors/index.js:98:16)
    at serve (/Users/wushaoxia/moocweb/api/node_modules/koa-static/index.js:53:9)
    
[2021-03-28T15:09:54.705] [ERROR] error - /public/list?catalog=ask&isTop=0&page=0&limit=20&sort=created&tag=&status= GET 404
    InternalServerError: 发出的请求针对的是不存在的记录，服务器没有进行操作。
    at Object.throw (/Users/wushaoxia/moocweb/api/node_modules/koa/lib/context.js:97:11)
    at _default (/Users/wushaoxia/moocweb/api/src/common/ErrorHandle.js:31:7)
    at cors (/Users/wushaoxia/moocweb/api/node_modules/@koa/cors/index.js:98:16)
    at serve (/Users/wushaoxia/moocweb/api/node_modules/koa-static/index.js:53:9)
    
[2021-03-28T15:09:54.708] [ERROR] error - /public/topWeek GET 404
    InternalServerError: 发出的请求针对的是不存在的记录，服务器没有进行操作。
    at Object.throw (/Users/wushaoxia/moocweb/api/node_modules/koa/lib/context.js:97:11)
    at _default (/Users/wushaoxia/moocweb/api/src/common/ErrorHandle.js:31:7)
    at cors (/Users/wushaoxia/moocweb/api/node_modules/@koa/cors/index.js:98:16)
    at serve (/Users/wushaoxia/moocweb/api/node_modules/koa-static/index.js:53:9)
    
[2021-03-28T15:09:54.708] [ERROR] error - /public/links GET 404
    InternalServerError: 发出的请求针对的是不存在的记录，服务器没有进行操作。
    at Object.throw (/Users/wushaoxia/moocweb/api/node_modules/koa/lib/context.js:97:11)
    at _default (/Users/wushaoxia/moocweb/api/src/common/ErrorHandle.js:31:7)
    at cors (/Users/wushaoxia/moocweb/api/node_modules/@koa/cors/index.js:98:16)
    at serve (/Users/wushaoxia/moocweb/api/node_modules/koa-static/index.js:53:9)
    
[2021-03-28T15:09:56.992] [ERROR] error - /public/list?catalog=ask&isTop=0&page=0&limit=20&sort=created&tag=&status=0 GET 404
    InternalServerError: 发出的请求针对的是不存在的记录，服务器没有进行操作。
    at Object.throw (/Users/wushaoxia/moocweb/api/node_modules/koa/lib/context.js:97:11)
    at _default (/Users/wushaoxia/moocweb/api/src/common/ErrorHandle.js:31:7)
    at cors (/Users/wushaoxia/moocweb/api/node_modules/@koa/cors/index.js:98:16)
    at serve (/Users/wushaoxia/moocweb/api/node_modules/koa-static/index.js:53:9)
    
[2021-03-28T15:10:36.241] [ERROR] error - /public/list?catalog=&isTop=1&page=0&limit=20&sort=created&tag=&status= GET 404
    InternalServerError: 发出的请求针对的是不存在的记录，服务器没有进行操作。
    at Object.throw (/Users/wushaoxia/moocweb/api/node_modules/koa/lib/context.js:97:11)
    at _default (/Users/wushaoxia/moocweb/api/src/common/ErrorHandle.js:31:7)
    at cors (/Users/wushaoxia/moocweb/api/node_modules/@koa/cors/index.js:98:16)
    at serve (/Users/wushaoxia/moocweb/api/node_modules/koa-static/index.js:53:9)
    
[2021-03-28T15:10:36.242] [ERROR] error - /public/list?catalog=&isTop=0&page=0&limit=20&sort=created&tag=&status= GET 404
    InternalServerError: 发出的请求针对的是不存在的记录，服务器没有进行操作。
    at Object.throw (/Users/wushaoxia/moocweb/api/node_modules/koa/lib/context.js:97:11)
    at _default (/Users/wushaoxia/moocweb/api/src/common/ErrorHandle.js:31:7)
    at cors (/Users/wushaoxia/moocweb/api/node_modules/@koa/cors/index.js:98:16)
    at serve (/Users/wushaoxia/moocweb/api/node_modules/koa-static/index.js:53:9)
    
[2021-03-28T15:10:36.243] [ERROR] error - /public/tips GET 404
    InternalServerError: 发出的请求针对的是不存在的记录，服务器没有进行操作。
    at Object.throw (/Users/wushaoxia/moocweb/api/node_modules/koa/lib/context.js:97:11)
    at _default (/Users/wushaoxia/moocweb/api/src/common/ErrorHandle.js:31:7)
    at cors (/Users/wushaoxia/moocweb/api/node_modules/@koa/cors/index.js:98:16)
    at serve (/Users/wushaoxia/moocweb/api/node_modules/koa-static/index.js:53:9)
    
[2021-03-28T15:10:36.244] [ERROR] error - /public/hotSignRecord?page=0&limit=20&index=0 GET 404
    InternalServerError: 发出的请求针对的是不存在的记录，服务器没有进行操作。
    at Object.throw (/Users/wushaoxia/moocweb/api/node_modules/koa/lib/context.js:97:11)
    at _default (/Users/wushaoxia/moocweb/api/src/common/ErrorHandle.js:31:7)
    at cors (/Users/wushaoxia/moocweb/api/node_modules/@koa/cors/index.js:98:16)
    at serve (/Users/wushaoxia/moocweb/api/node_modules/koa-static/index.js:53:9)
    
[2021-03-28T15:10:36.246] [ERROR] error - /public/links GET 404
    InternalServerError: 发出的请求针对的是不存在的记录，服务器没有进行操作。
    at Object.throw (/Users/wushaoxia/moocweb/api/node_modules/koa/lib/context.js:97:11)
    at _default (/Users/wushaoxia/moocweb/api/src/common/ErrorHandle.js:31:7)
    at cors (/Users/wushaoxia/moocweb/api/node_modules/@koa/cors/index.js:98:16)
    at serve (/Users/wushaoxia/moocweb/api/node_modules/koa-static/index.js:53:9)
    
[2021-03-28T15:10:36.246] [ERROR] error - /public/topWeek GET 404
    InternalServerError: 发出的请求针对的是不存在的记录，服务器没有进行操作。
    at Object.throw (/Users/wushaoxia/moocweb/api/node_modules/koa/lib/context.js:97:11)
    at _default (/Users/wushaoxia/moocweb/api/src/common/ErrorHandle.js:31:7)
    at cors (/Users/wushaoxia/moocweb/api/node_modules/@koa/cors/index.js:98:16)
    at serve (/Users/wushaoxia/moocweb/api/node_modules/koa-static/index.js:53:9)
    
[2021-03-28T15:10:41.545] [ERROR] error - /public/list?catalog=ask&isTop=0&page=0&limit=20&sort=created&tag=&status= GET 404
    InternalServerError: 发出的请求针对的是不存在的记录，服务器没有进行操作。
    at Object.throw (/Users/wushaoxia/moocweb/api/node_modules/koa/lib/context.js:97:11)
    at _default (/Users/wushaoxia/moocweb/api/src/common/ErrorHandle.js:31:7)
    at cors (/Users/wushaoxia/moocweb/api/node_modules/@koa/cors/index.js:98:16)
    at serve (/Users/wushaoxia/moocweb/api/node_modules/koa-static/index.js:53:9)
    
[2021-03-28T15:10:41.549] [ERROR] error - /public/topWeek GET 404
    InternalServerError: 发出的请求针对的是不存在的记录，服务器没有进行操作。
    at Object.throw (/Users/wushaoxia/moocweb/api/node_modules/koa/lib/context.js:97:11)
    at _default (/Users/wushaoxia/moocweb/api/src/common/ErrorHandle.js:31:7)
    at cors (/Users/wushaoxia/moocweb/api/node_modules/@koa/cors/index.js:98:16)
    at serve (/Users/wushaoxia/moocweb/api/node_modules/koa-static/index.js:53:9)
    
[2021-03-28T15:10:41.550] [ERROR] error - /public/links GET 404
    InternalServerError: 发出的请求针对的是不存在的记录，服务器没有进行操作。
    at Object.throw (/Users/wushaoxia/moocweb/api/node_modules/koa/lib/context.js:97:11)
    at _default (/Users/wushaoxia/moocweb/api/src/common/ErrorHandle.js:31:7)
    at cors (/Users/wushaoxia/moocweb/api/node_modules/@koa/cors/index.js:98:16)
    at serve (/Users/wushaoxia/moocweb/api/node_modules/koa-static/index.js:53:9)
    
[2021-03-28T15:10:44.782] [ERROR] error - /public/list?catalog=logs&isTop=0&page=0&limit=20&sort=created&tag=&status= GET 404
    InternalServerError: 发出的请求针对的是不存在的记录，服务器没有进行操作。
    at Object.throw (/Users/wushaoxia/moocweb/api/node_modules/koa/lib/context.js:97:11)
    at _default (/Users/wushaoxia/moocweb/api/src/common/ErrorHandle.js:31:7)
    at cors (/Users/wushaoxia/moocweb/api/node_modules/@koa/cors/index.js:98:16)
    at serve (/Users/wushaoxia/moocweb/api/node_modules/koa-static/index.js:53:9)
    
[2021-03-28T15:11:01.771] [ERROR] error - /public/list?catalog=logs&isTop=0&page=0&limit=20&sort=created&tag=&status=0 GET 404
    InternalServerError: 发出的请求针对的是不存在的记录，服务器没有进行操作。
    at Object.throw (/Users/wushaoxia/moocweb/api/node_modules/koa/lib/context.js:97:11)
    at _default (/Users/wushaoxia/moocweb/api/src/common/ErrorHandle.js:31:7)
    at cors (/Users/wushaoxia/moocweb/api/node_modules/@koa/cors/index.js:98:16)
    at serve (/Users/wushaoxia/moocweb/api/node_modules/koa-static/index.js:53:9)
    
[2021-03-28T15:13:31.831] [ERROR] error - /public/list?catalog=ask&isTop=0&page=0&limit=20&sort=created&tag=&status=0 GET 404
    InternalServerError: 发出的请求针对的是不存在的记录，服务器没有进行操作。
    at Object.throw (/Users/wushaoxia/moocweb/api/node_modules/koa/lib/context.js:97:11)
    at _default (/Users/wushaoxia/moocweb/api/src/common/ErrorHandle.js:31:7)
    at cors (/Users/wushaoxia/moocweb/api/node_modules/@koa/cors/index.js:98:16)
    at serve (/Users/wushaoxia/moocweb/api/node_modules/koa-static/index.js:53:9)
    
[2021-03-28T15:15:01.421] [ERROR] error - /public/list?catalog=ask&isTop=0&page=0&limit=20&sort=created&tag=&status= GET 404
    InternalServerError: 发出的请求针对的是不存在的记录，服务器没有进行操作。
    at Object.throw (/Users/wushaoxia/moocweb/api/node_modules/koa/lib/context.js:97:11)
    at _default (/Users/wushaoxia/moocweb/api/src/common/ErrorHandle.js:31:7)
    at cors (/Users/wushaoxia/moocweb/api/node_modules/@koa/cors/index.js:98:16)
    at serve (/Users/wushaoxia/moocweb/api/node_modules/koa-static/index.js:53:9)
    
[2021-03-28T15:15:01.422] [ERROR] error - /public/topWeek GET 404
    InternalServerError: 发出的请求针对的是不存在的记录，服务器没有进行操作。
    at Object.throw (/Users/wushaoxia/moocweb/api/node_modules/koa/lib/context.js:97:11)
    at _default (/Users/wushaoxia/moocweb/api/src/common/ErrorHandle.js:31:7)
    at cors (/Users/wushaoxia/moocweb/api/node_modules/@koa/cors/index.js:98:16)
    at serve (/Users/wushaoxia/moocweb/api/node_modules/koa-static/index.js:53:9)
    
[2021-03-28T15:15:01.422] [ERROR] error - /public/links GET 404
    InternalServerError: 发出的请求针对的是不存在的记录，服务器没有进行操作。
    at Object.throw (/Users/wushaoxia/moocweb/api/node_modules/koa/lib/context.js:97:11)
    at _default (/Users/wushaoxia/moocweb/api/src/common/ErrorHandle.js:31:7)
    at cors (/Users/wushaoxia/moocweb/api/node_modules/@koa/cors/index.js:98:16)
    at serve (/Users/wushaoxia/moocweb/api/node_modules/koa-static/index.js:53:9)
    
[2021-03-28T15:15:08.470] [ERROR] error - /public/list?catalog=&isTop=1&page=0&limit=20&sort=created&tag=&status= GET 404
    InternalServerError: 发出的请求针对的是不存在的记录，服务器没有进行操作。
    at Object.throw (/Users/wushaoxia/moocweb/api/node_modules/koa/lib/context.js:97:11)
    at _default (/Users/wushaoxia/moocweb/api/src/common/ErrorHandle.js:31:7)
    at cors (/Users/wushaoxia/moocweb/api/node_modules/@koa/cors/index.js:98:16)
    at serve (/Users/wushaoxia/moocweb/api/node_modules/koa-static/index.js:53:9)
    
[2021-03-28T15:15:08.472] [ERROR] error - /public/list?catalog=&isTop=0&page=0&limit=20&sort=created&tag=&status= GET 404
    InternalServerError: 发出的请求针对的是不存在的记录，服务器没有进行操作。
    at Object.throw (/Users/wushaoxia/moocweb/api/node_modules/koa/lib/context.js:97:11)
    at _default (/Users/wushaoxia/moocweb/api/src/common/ErrorHandle.js:31:7)
    at cors (/Users/wushaoxia/moocweb/api/node_modules/@koa/cors/index.js:98:16)
    at serve (/Users/wushaoxia/moocweb/api/node_modules/koa-static/index.js:53:9)
    
[2021-03-28T15:15:08.474] [ERROR] error - /public/tips GET 404
    InternalServerError: 发出的请求针对的是不存在的记录，服务器没有进行操作。
    at Object.throw (/Users/wushaoxia/moocweb/api/node_modules/koa/lib/context.js:97:11)
    at _default (/Users/wushaoxia/moocweb/api/src/common/ErrorHandle.js:31:7)
    at cors (/Users/wushaoxia/moocweb/api/node_modules/@koa/cors/index.js:98:16)
    at serve (/Users/wushaoxia/moocweb/api/node_modules/koa-static/index.js:53:9)
    
[2021-03-28T15:15:08.475] [ERROR] error - /public/hotSignRecord?page=0&limit=20&index=0 GET 404
    InternalServerError: 发出的请求针对的是不存在的记录，服务器没有进行操作。
    at Object.throw (/Users/wushaoxia/moocweb/api/node_modules/koa/lib/context.js:97:11)
    at _default (/Users/wushaoxia/moocweb/api/src/common/ErrorHandle.js:31:7)
    at cors (/Users/wushaoxia/moocweb/api/node_modules/@koa/cors/index.js:98:16)
    at serve (/Users/wushaoxia/moocweb/api/node_modules/koa-static/index.js:53:9)
    
[2021-03-28T15:15:08.476] [ERROR] error - /public/links GET 404
    InternalServerError: 发出的请求针对的是不存在的记录，服务器没有进行操作。
    at Object.throw (/Users/wushaoxia/moocweb/api/node_modules/koa/lib/context.js:97:11)
    at _default (/Users/wushaoxia/moocweb/api/src/common/ErrorHandle.js:31:7)
    at cors (/Users/wushaoxia/moocweb/api/node_modules/@koa/cors/index.js:98:16)
    at serve (/Users/wushaoxia/moocweb/api/node_modules/koa-static/index.js:53:9)
    
[2021-03-28T15:15:08.476] [ERROR] error - /public/topWeek GET 404
    InternalServerError: 发出的请求针对的是不存在的记录，服务器没有进行操作。
    at Object.throw (/Users/wushaoxia/moocweb/api/node_modules/koa/lib/context.js:97:11)
    at _default (/Users/wushaoxia/moocweb/api/src/common/ErrorHandle.js:31:7)
    at cors (/Users/wushaoxia/moocweb/api/node_modules/@koa/cors/index.js:98:16)
    at serve (/Users/wushaoxia/moocweb/api/node_modules/koa-static/index.js:53:9)
    
[2021-03-28T15:15:12.064] [ERROR] error - /public/list?catalog=ask&isTop=0&page=0&limit=20&sort=created&tag=&status= GET 404
    InternalServerError: 发出的请求针对的是不存在的记录，服务器没有进行操作。
    at Object.throw (/Users/wushaoxia/moocweb/api/node_modules/koa/lib/context.js:97:11)
    at _default (/Users/wushaoxia/moocweb/api/src/common/ErrorHandle.js:31:7)
    at cors (/Users/wushaoxia/moocweb/api/node_modules/@koa/cors/index.js:98:16)
    at serve (/Users/wushaoxia/moocweb/api/node_modules/koa-static/index.js:53:9)
    
[2021-03-28T15:15:12.065] [ERROR] error - /public/topWeek GET 404
    InternalServerError: 发出的请求针对的是不存在的记录，服务器没有进行操作。
    at Object.throw (/Users/wushaoxia/moocweb/api/node_modules/koa/lib/context.js:97:11)
    at _default (/Users/wushaoxia/moocweb/api/src/common/ErrorHandle.js:31:7)
    at cors (/Users/wushaoxia/moocweb/api/node_modules/@koa/cors/index.js:98:16)
    at serve (/Users/wushaoxia/moocweb/api/node_modules/koa-static/index.js:53:9)
    
[2021-03-28T15:15:12.065] [ERROR] error - /public/links GET 404
    InternalServerError: 发出的请求针对的是不存在的记录，服务器没有进行操作。
    at Object.throw (/Users/wushaoxia/moocweb/api/node_modules/koa/lib/context.js:97:11)
    at _default (/Users/wushaoxia/moocweb/api/src/common/ErrorHandle.js:31:7)
    at cors (/Users/wushaoxia/moocweb/api/node_modules/@koa/cors/index.js:98:16)
    at serve (/Users/wushaoxia/moocweb/api/node_modules/koa-static/index.js:53:9)
    
[2021-03-28T15:15:25.840] [ERROR] error - /public/list?catalog=advise&isTop=0&page=0&limit=20&sort=created&tag=&status= GET 404
    InternalServerError: 发出的请求针对的是不存在的记录，服务器没有进行操作。
    at Object.throw (/Users/wushaoxia/moocweb/api/node_modules/koa/lib/context.js:97:11)
    at _default (/Users/wushaoxia/moocweb/api/src/common/ErrorHandle.js:31:7)
    at cors (/Users/wushaoxia/moocweb/api/node_modules/@koa/cors/index.js:98:16)
    at serve (/Users/wushaoxia/moocweb/api/node_modules/koa-static/index.js:53:9)
    
[2021-03-28T15:15:37.839] [ERROR] error - /public/list?catalog=notice&isTop=0&page=0&limit=20&sort=created&tag=&status= GET 404
    InternalServerError: 发出的请求针对的是不存在的记录，服务器没有进行操作。
    at Object.throw (/Users/wushaoxia/moocweb/api/node_modules/koa/lib/context.js:97:11)
    at _default (/Users/wushaoxia/moocweb/api/src/common/ErrorHandle.js:31:7)
    at cors (/Users/wushaoxia/moocweb/api/node_modules/@koa/cors/index.js:98:16)
    at serve (/Users/wushaoxia/moocweb/api/node_modules/koa-static/index.js:53:9)
    
